[23:02:23] [main/INFO]: Setting user: Player701
[23:02:23] [Client thread/INFO]: LWJGL Version: 2.9.0
[23:02:28] [Client thread/INFO]: Reloading ResourceManager: Default, FMLFileResourcePack:Forge Mod Loader, FMLFileResourcePack:Minecraft Forge, FMLFileResourcePack:Chips n Stuff
[23:02:29] [Client thread/ERROR]: Using missing texture, unable to load minecraft:textures/blocks/MISSING_ICON_BLOCK_165_chip.png
java.io.FileNotFoundException: minecraft:textures/blocks/MISSING_ICON_BLOCK_165_chip.png
	at net.minecraft.client.resources.FallbackResourceManager.getResource(FallbackResourceManager.java:65) ~[FallbackResourceManager.class:?]
	at net.minecraft.client.resources.SimpleReloadableResourceManager.getResource(SimpleReloadableResourceManager.java:67) ~[SimpleReloadableResourceManager.class:?]
	at net.minecraft.client.renderer.texture.TextureMap.loadTextureAtlas(TextureMap.java:126) [TextureMap.class:?]
	at net.minecraft.client.renderer.texture.TextureMap.loadTexture(TextureMap.java:91) [TextureMap.class:?]
	at net.minecraft.client.renderer.texture.TextureManager.loadTexture(TextureManager.java:89) [TextureManager.class:?]
	at net.minecraft.client.renderer.texture.TextureManager.loadTickableTexture(TextureManager.java:71) [TextureManager.class:?]
	at net.minecraft.client.renderer.texture.TextureManager.loadTextureMap(TextureManager.java:58) [TextureManager.class:?]
	at net.minecraft.client.Minecraft.startGame(Minecraft.java:581) [Minecraft.class:?]
	at net.minecraft.client.Minecraft.run(Minecraft.java:892) [Minecraft.class:?]
	at net.minecraft.client.main.Main.main(Main.java:112) [Main.class:?]
	at sun.reflect.NativeMethodAccessorImpl.invoke0(Native Method) ~[?:1.7.0_40]
	at sun.reflect.NativeMethodAccessorImpl.invoke(NativeMethodAccessorImpl.java:57) ~[?:1.7.0_40]
	at sun.reflect.DelegatingMethodAccessorImpl.invoke(DelegatingMethodAccessorImpl.java:43) ~[?:1.7.0_40]
	at java.lang.reflect.Method.invoke(Method.java:606) ~[?:1.7.0_40]
	at net.minecraft.launchwrapper.Launch.launch(Launch.java:134) [launchwrapper-1.9.jar:?]
	at net.minecraft.launchwrapper.Launch.main(Launch.java:28) [launchwrapper-1.9.jar:?]
	at sun.reflect.NativeMethodAccessorImpl.invoke0(Native Method) ~[?:1.7.0_40]
	at sun.reflect.NativeMethodAccessorImpl.invoke(NativeMethodAccessorImpl.java:57) ~[?:1.7.0_40]
	at sun.reflect.DelegatingMethodAccessorImpl.invoke(DelegatingMethodAccessorImpl.java:43) ~[?:1.7.0_40]
	at java.lang.reflect.Method.invoke(Method.java:606) ~[?:1.7.0_40]
	at com.intellij.rt.execution.application.AppMain.main(AppMain.java:120) [idea_rt.jar:?]
[23:02:29] [Sound Library Loader/INFO]: Sound engine started
[23:02:29] [Client thread/INFO]: Created: 512x256 textures/blocks-atlas
[23:02:29] [Client thread/INFO]: Created: 256x256 textures/items-atlas
[23:02:30] [Client thread/INFO]: Reloading ResourceManager: Default, FMLFileResourcePack:Forge Mod Loader, FMLFileResourcePack:Minecraft Forge, FMLFileResourcePack:Chips n Stuff
[23:02:30] [Client thread/INFO]: Created: 256x256 textures/items-atlas
[23:02:30] [Client thread/ERROR]: Using missing texture, unable to load minecraft:textures/blocks/MISSING_ICON_BLOCK_165_chip.png
java.io.FileNotFoundException: minecraft:textures/blocks/MISSING_ICON_BLOCK_165_chip.png
	at net.minecraft.client.resources.FallbackResourceManager.getResource(FallbackResourceManager.java:65) ~[FallbackResourceManager.class:?]
	at net.minecraft.client.resources.SimpleReloadableResourceManager.getResource(SimpleReloadableResourceManager.java:67) ~[SimpleReloadableResourceManager.class:?]
	at net.minecraft.client.renderer.texture.TextureMap.loadTextureAtlas(TextureMap.java:126) [TextureMap.class:?]
	at net.minecraft.client.renderer.texture.TextureMap.loadTexture(TextureMap.java:91) [TextureMap.class:?]
	at net.minecraft.client.renderer.texture.TextureManager.loadTexture(TextureManager.java:89) [TextureManager.class:?]
	at net.minecraft.client.renderer.texture.TextureManager.onResourceManagerReload(TextureManager.java:170) [TextureManager.class:?]
	at net.minecraft.client.resources.SimpleReloadableResourceManager.notifyReloadListeners(SimpleReloadableResourceManager.java:134) [SimpleReloadableResourceManager.class:?]
	at net.minecraft.client.resources.SimpleReloadableResourceManager.reloadResources(SimpleReloadableResourceManager.java:118) [SimpleReloadableResourceManager.class:?]
	at net.minecraft.client.Minecraft.refreshResources(Minecraft.java:626) [Minecraft.class:?]
	at cpw.mods.fml.client.FMLClientHandler.finishMinecraftLoading(FMLClientHandler.java:303) [FMLClientHandler.class:?]
	at net.minecraft.client.Minecraft.startGame(Minecraft.java:585) [Minecraft.class:?]
	at net.minecraft.client.Minecraft.run(Minecraft.java:892) [Minecraft.class:?]
	at net.minecraft.client.main.Main.main(Main.java:112) [Main.class:?]
	at sun.reflect.NativeMethodAccessorImpl.invoke0(Native Method) ~[?:1.7.0_40]
	at sun.reflect.NativeMethodAccessorImpl.invoke(NativeMethodAccessorImpl.java:57) ~[?:1.7.0_40]
	at sun.reflect.DelegatingMethodAccessorImpl.invoke(DelegatingMethodAccessorImpl.java:43) ~[?:1.7.0_40]
	at java.lang.reflect.Method.invoke(Method.java:606) ~[?:1.7.0_40]
	at net.minecraft.launchwrapper.Launch.launch(Launch.java:134) [launchwrapper-1.9.jar:?]
	at net.minecraft.launchwrapper.Launch.main(Launch.java:28) [launchwrapper-1.9.jar:?]
	at sun.reflect.NativeMethodAccessorImpl.invoke0(Native Method) ~[?:1.7.0_40]
	at sun.reflect.NativeMethodAccessorImpl.invoke(NativeMethodAccessorImpl.java:57) ~[?:1.7.0_40]
	at sun.reflect.DelegatingMethodAccessorImpl.invoke(DelegatingMethodAccessorImpl.java:43) ~[?:1.7.0_40]
	at java.lang.reflect.Method.invoke(Method.java:606) ~[?:1.7.0_40]
	at com.intellij.rt.execution.application.AppMain.main(AppMain.java:120) [idea_rt.jar:?]
[23:02:30] [Client thread/INFO]: Created: 512x256 textures/blocks-atlas
[23:02:31] [Sound Library Loader/INFO]: Sound engine started
[23:02:31] [MCO Availability Checker #1/ERROR]: Couldn't connect to Realms
[23:02:32] [Server thread/INFO]: Starting integrated minecraft server version 1.7.2
[23:02:32] [Server thread/INFO]: Generating keypair
[23:02:32] [Server thread/INFO]: Preparing start region for level 0
[23:02:33] [Server thread/INFO]: Player701[local:E:40280878] logged in with entity id 0 at (784.2928491270271, 56.0, 1412.6245208072087)
[23:02:33] [Server thread/INFO]: Player701 joined the game
[23:02:34] [Server thread/INFO]: Saving and pausing game...
[23:02:34] [Server thread/INFO]: Saving chunks for level 'New World'/Overworld
[23:02:34] [Server thread/INFO]: Saving chunks for level 'New World'/Nether
[23:02:34] [Server thread/INFO]: Saving chunks for level 'New World'/The End
[23:03:33] [Server thread/INFO]: Saving and pausing game...
[23:03:33] [Server thread/INFO]: Saving chunks for level 'New World'/Overworld
[23:03:33] [Server thread/INFO]: Saving chunks for level 'New World'/Nether
[23:03:33] [Server thread/INFO]: Saving chunks for level 'New World'/The End
[23:03:55] [Server thread/INFO]: Saving and pausing game...
[23:03:55] [Server thread/INFO]: Saving chunks for level 'New World'/Overworld
[23:03:55] [Server thread/INFO]: Saving chunks for level 'New World'/Nether
[23:03:55] [Server thread/INFO]: Saving chunks for level 'New World'/The End
[23:03:56] [Server thread/INFO]: Saving and pausing game...
[23:03:56] [Server thread/INFO]: Saving chunks for level 'New World'/Overworld
[23:03:56] [Server thread/INFO]: Saving chunks for level 'New World'/Nether
[23:03:56] [Server thread/INFO]: Saving chunks for level 'New World'/The End
[23:03:56] [Server thread/INFO]: Stopping server
[23:03:56] [Server thread/INFO]: Saving players
[23:03:56] [Server thread/INFO]: Saving worlds
[23:03:56] [Server thread/INFO]: Saving chunks for level 'New World'/Overworld
[23:03:56] [Server thread/INFO]: Saving chunks for level 'New World'/Nether
[23:03:56] [Server thread/INFO]: Saving chunks for level 'New World'/The End
